Using pre-set license
Built from '2020.3/staging' branch; Version is '2020.3.21f1 (a38c86f6690f) revision 10718342'; Using compiler version '192528614'; Build Type 'Release'
OS: 'Windows 10 Pro; OS build 19041.330; Version 2004; 64bit' Language: 'en' Physical Memory: 16265 MB
BatchMode: 1, IsHumanControllingUs: 0, StartBugReporterOnCrash: 0, Is64bit: 1, IsPro: 0

COMMAND LINE ARGUMENTS:
C:\Program Files\Unity\2020.3.21f1\Editor\Unity.exe
-adb2
-batchMode
-noUpm
-name
AssetImportWorker0
-projectPath
D:/IT/Unity/HyperCasualIntro
-logFile
Logs/AssetImportWorker0.log
-srvPort
54792
Successfully changed project path to: D:/IT/Unity/HyperCasualIntro
D:/IT/Unity/HyperCasualIntro
Using Asset Import Pipeline V2.
Refreshing native plugins compatible for Editor in 60.04 ms, found 3 plugins.
Preloading 0 native plugins for Editor in 0.00 ms.
Initialize engine version: 2020.3.21f1 (a38c86f6690f)
[Subsystems] Discovering subsystems at path C:/Program Files/Unity/2020.3.21f1/Editor/Data/Resources/UnitySubsystems
[Subsystems] Discovering subsystems at path D:/IT/Unity/HyperCasualIntro/Assets
GfxDevice: creating device client; threaded=0
Direct3D:
    Version:  Direct3D 11.0 [level 11.1]
    Renderer: NVIDIA GeForce GTX 980M (ID=0x13d7)
    Vendor:   
    VRAM:     4053 MB
    Driver:   27.21.14.6079
Initialize mono
Mono path[0] = 'C:/Program Files/Unity/2020.3.21f1/Editor/Data/Managed'
Mono path[1] = 'C:/Program Files/Unity/2020.3.21f1/Editor/Data/MonoBleedingEdge/lib/mono/unityjit'
Mono config path = 'C:/Program Files/Unity/2020.3.21f1/Editor/Data/MonoBleedingEdge/etc'
Using monoOptions --debugger-agent=transport=dt_socket,embedding=1,server=y,suspend=n,address=127.0.0.1:56476
Begin MonoManager ReloadAssembly
Registering precompiled unity dll's ...
Register platform support module: C:/Program Files/Unity/2020.3.21f1/Editor/Data/PlaybackEngines/WebGLSupport/UnityEditor.WebGL.Extensions.dll
Register platform support module: C:/Program Files/Unity/2020.3.21f1/Editor/Data/PlaybackEngines/WindowsStandaloneSupport/UnityEditor.WindowsStandalone.Extensions.dll
Registered in 0.004639 seconds.
Native extension for WindowsStandalone target not found
Native extension for WebGL target not found
Refreshing native plugins compatible for Editor in 61.53 ms, found 3 plugins.
Preloading 0 native plugins for Editor in 0.00 ms.
Mono: successfully reloaded assembly
- Completed reload, in  3.476 seconds
Domain Reload Profiling:
	ReloadAssembly (3477ms)
		BeginReloadAssembly (71ms)
			ExecutionOrderSort (0ms)
			DisableScriptedObjects (0ms)
			BackupInstance (0ms)
			ReleaseScriptingObjects (0ms)
			CreateAndSetChildDomain (1ms)
		EndReloadAssembly (738ms)
			LoadAssemblies (69ms)
			RebuildTransferFunctionScriptingTraits (0ms)
			SetupTypeCache (270ms)
			ReleaseScriptCaches (0ms)
			RebuildScriptCaches (47ms)
			SetupLoadedEditorAssemblies (271ms)
				LogAssemblyErrors (0ms)
				InitializePlatformSupportModulesInManaged (8ms)
				SetLoadedEditorAssemblies (0ms)
				RefreshPlugins (62ms)
				BeforeProcessingInitializeOnLoad (27ms)
				ProcessInitializeOnLoadAttributes (132ms)
				ProcessInitializeOnLoadMethodAttributes (41ms)
				AfterProcessingInitializeOnLoad (0ms)
				EditorAssembliesLoaded (0ms)
			ExecutionOrderSort2 (0ms)
			AwakeInstancesAfterBackupRestoration (0ms)
Platform modules already initialized, skipping
Registering precompiled user dll's ...
Registered in 0.014506 seconds.
Begin MonoManager ReloadAssembly
Native extension for WindowsStandalone target not found
Native extension for WebGL target not found
Refreshing native plugins compatible for Editor in 0.50 ms, found 3 plugins.
Preloading 0 native plugins for Editor in 0.00 ms.
Mono: successfully reloaded assembly
- Completed reload, in  1.790 seconds
Domain Reload Profiling:
	ReloadAssembly (1792ms)
		BeginReloadAssembly (228ms)
			ExecutionOrderSort (0ms)
			DisableScriptedObjects (11ms)
			BackupInstance (0ms)
			ReleaseScriptingObjects (0ms)
			CreateAndSetChildDomain (26ms)
		EndReloadAssembly (1470ms)
			LoadAssemblies (168ms)
			RebuildTransferFunctionScriptingTraits (0ms)
			SetupTypeCache (573ms)
			ReleaseScriptCaches (2ms)
			RebuildScriptCaches (67ms)
			SetupLoadedEditorAssemblies (499ms)
				LogAssemblyErrors (0ms)
				InitializePlatformSupportModulesInManaged (8ms)
				SetLoadedEditorAssemblies (1ms)
				RefreshPlugins (1ms)
				BeforeProcessingInitializeOnLoad (120ms)
				ProcessInitializeOnLoadAttributes (347ms)
				ProcessInitializeOnLoadMethodAttributes (13ms)
				AfterProcessingInitializeOnLoad (10ms)
				EditorAssembliesLoaded (1ms)
			ExecutionOrderSort2 (0ms)
			AwakeInstancesAfterBackupRestoration (13ms)
Platform modules already initialized, skipping
========================================================================
Worker process is ready to serve import requests
Launched and connected shader compiler UnityShaderCompiler.exe after 0.07 seconds
Refreshing native plugins compatible for Editor in 0.53 ms, found 3 plugins.
Preloading 0 native plugins for Editor in 0.00 ms.
Unloading 1504 Unused Serialized files (Serialized files now loaded: 0)
System memory in use before: 69.3 MB.
System memory in use after: 69.4 MB.

Unloading 35 unused Assets to reduce memory usage. Loaded Objects now: 2005.
Total: 4.260300 ms (FindLiveObjects: 0.279800 ms CreateObjectMapping: 0.078700 ms MarkObjects: 3.806300 ms  DeleteObjects: 0.094100 ms)

AssetImportParameters requested are different than current active one (requested -> active):
  custom:framework-win-MediaFoundation: 216162199b28c13a410421893ffa2e32 -> 
  custom:video-decoder-ogg-theora: a1e56fd34408186e4bbccfd4996cb3dc -> 
  custom:container-muxer-webm: aa71ff27fc2769a1b78a27578f13a17b -> 
  custom:container-demuxer-webm: 4f35f7cbe854078d1ac9338744f61a02 -> 
  custom:container-demuxer-ogg: 62fdf1f143b41e24485cea50d1cbac27 -> 
  custom:video-encoder-webm-vp8: eb34c28f22e8b96e1ab97ce403110664 -> 
  custom:video-decoder-webm-vp8: 9c59270c3fd7afecdb556c50c9e8de78 -> 
  custom:audio-decoder-ogg-vorbis: bf7c407c2cedff20999df2af8eb42d56 -> 
  custom:audio-encoder-webm-vorbis: bf7c407c2cedff20999df2af8eb42d56 -> 
========================================================================
Received Import Request.
  path: Assets/Primitives Pack/Bush.fbx
  artifactKey: Guid(4e11b4cd15cdf364cab6ffb1e6a5610d) Importer(815301076,1909f56bfc062723c751e8b465ee728b)
Start importing Assets/Primitives Pack/Bush.fbx using Guid(4e11b4cd15cdf364cab6ffb1e6a5610d) Importer(815301076,1909f56bfc062723c751e8b465ee728b)  -> (artifact id: '465ae9b71a1121764110b2f54f496a4b') in 0.219034 seconds 
  Import took 0.222235 seconds .

========================================================================
Received Import Request.
  Time since last request: 0.000217 seconds.
  path: Assets/Primitives Pack/Cube Tall Beveled.fbx
  artifactKey: Guid(3397c7a901e369f4a98b64452e192922) Importer(815301076,1909f56bfc062723c751e8b465ee728b)
Start importing Assets/Primitives Pack/Cube Tall Beveled.fbx using Guid(3397c7a901e369f4a98b64452e192922) Importer(815301076,1909f56bfc062723c751e8b465ee728b)  -> (artifact id: '3ee3f77a628ca093a233a62967155a35') in 0.022572 seconds 
  Import took 0.025781 seconds .

========================================================================
Received Import Request.
  Time since last request: 0.000222 seconds.
  path: Assets/Primitives Pack/Three side block.fbx
  artifactKey: Guid(5d94e19c8b7f117499eb984e9d12cede) Importer(815301076,1909f56bfc062723c751e8b465ee728b)
Start importing Assets/Primitives Pack/Three side block.fbx using Guid(5d94e19c8b7f117499eb984e9d12cede) Importer(815301076,1909f56bfc062723c751e8b465ee728b)  -> (artifact id: '741e67775ab83d4ac3848298d449a583') in 0.020861 seconds 
  Import took 0.025151 seconds .

========================================================================
Received Import Request.
  Time since last request: 0.000312 seconds.
  path: Assets/Primitives Pack/Pyramid.fbx
  artifactKey: Guid(b4d6c95f871a2854baf65e98c6cdd220) Importer(815301076,1909f56bfc062723c751e8b465ee728b)
Start importing Assets/Primitives Pack/Pyramid.fbx using Guid(b4d6c95f871a2854baf65e98c6cdd220) Importer(815301076,1909f56bfc062723c751e8b465ee728b)  -> (artifact id: '56936fd1b560c4bbd5ac2bcf71217d5e') in 0.018871 seconds 
  Import took 0.022320 seconds .

========================================================================
Received Import Request.
  Time since last request: 0.000268 seconds.
  path: Assets/Primitives Pack/Cylinder.fbx
  artifactKey: Guid(327ed16f522f0ea4a8c22cf0924069ea) Importer(815301076,1909f56bfc062723c751e8b465ee728b)
Start importing Assets/Primitives Pack/Cylinder.fbx using Guid(327ed16f522f0ea4a8c22cf0924069ea) Importer(815301076,1909f56bfc062723c751e8b465ee728b)  -> (artifact id: 'c428e26298313f340081d5a386c1855c') in 0.021884 seconds 
  Import took 0.026341 seconds .

========================================================================
Received Import Request.
  Time since last request: 0.000250 seconds.
  path: Assets/Primitives Pack/Capsule.fbx
  artifactKey: Guid(8ef7a6baa08763447afc73eabe32e942) Importer(815301076,1909f56bfc062723c751e8b465ee728b)
Start importing Assets/Primitives Pack/Capsule.fbx using Guid(8ef7a6baa08763447afc73eabe32e942) Importer(815301076,1909f56bfc062723c751e8b465ee728b)  -> (artifact id: '7c60a46a312d11ffe8f9ff327905270b') in 0.019894 seconds 
  Import took 0.023357 seconds .

========================================================================
Received Import Request.
  Time since last request: 0.000238 seconds.
  path: Assets/Primitives Pack/Cube Beveled.fbx
  artifactKey: Guid(d78c6a56489152e41b9e00a0f71c9dcc) Importer(815301076,1909f56bfc062723c751e8b465ee728b)
Start importing Assets/Primitives Pack/Cube Beveled.fbx using Guid(d78c6a56489152e41b9e00a0f71c9dcc) Importer(815301076,1909f56bfc062723c751e8b465ee728b)  -> (artifact id: 'd9d40ff133d3fc5c6d3bf4eaba12bec3') in 0.018436 seconds 
  Import took 0.022013 seconds .

========================================================================
Received Import Request.
  Time since last request: 0.000271 seconds.
  path: Assets/Primitives Pack/Quad.fbx
  artifactKey: Guid(caf850054f643f44ca60839cfeacd6cf) Importer(815301076,1909f56bfc062723c751e8b465ee728b)
Start importing Assets/Primitives Pack/Quad.fbx using Guid(caf850054f643f44ca60839cfeacd6cf) Importer(815301076,1909f56bfc062723c751e8b465ee728b)  -> (artifact id: '38b8e16a7f4229592035df55d42b7fcc') in 0.017541 seconds 
  Import took 0.021911 seconds .

========================================================================
Received Import Request.
  Time since last request: 0.000249 seconds.
  path: Assets/Primitives Pack/Arrow.fbx
  artifactKey: Guid(34733fc0d1fe07c45a880868406ec3cb) Importer(815301076,1909f56bfc062723c751e8b465ee728b)
Start importing Assets/Primitives Pack/Arrow.fbx using Guid(34733fc0d1fe07c45a880868406ec3cb) Importer(815301076,1909f56bfc062723c751e8b465ee728b)  -> (artifact id: 'ceca942a6efffa024be67fa878984578') in 0.018118 seconds 
  Import took 0.021296 seconds .

========================================================================
Received Import Request.
  Time since last request: 0.000364 seconds.
  path: Assets/Primitives Pack/Sphere Low Poly.fbx
  artifactKey: Guid(a34a85155cc77db418de284eb91674de) Importer(815301076,1909f56bfc062723c751e8b465ee728b)
Start importing Assets/Primitives Pack/Sphere Low Poly.fbx using Guid(a34a85155cc77db418de284eb91674de) Importer(815301076,1909f56bfc062723c751e8b465ee728b)  -> (artifact id: 'dccb191bcbfb59c23f1f953b5c040064') in 0.018201 seconds 
  Import took 0.022656 seconds .

========================================================================
Received Import Request.
  Time since last request: 0.000319 seconds.
  path: Assets/Primitives Pack/Torus.fbx
  artifactKey: Guid(e8dbcca6efb51d14e86f3e01e42d4302) Importer(815301076,1909f56bfc062723c751e8b465ee728b)
Start importing Assets/Primitives Pack/Torus.fbx using Guid(e8dbcca6efb51d14e86f3e01e42d4302) Importer(815301076,1909f56bfc062723c751e8b465ee728b)  -> (artifact id: 'cb9c695fc8b10b0db79d059dfab7afc4') in 0.020812 seconds 
  Import took 0.025007 seconds .

========================================================================
Received Import Request.
  Time since last request: 0.395927 seconds.
  path: Assets/Primitives Pack/Tube.fbx
  artifactKey: Guid(dce62d4bfd72ca64599cba861af0d4eb) Importer(815301076,1909f56bfc062723c751e8b465ee728b)
Start importing Assets/Primitives Pack/Tube.fbx using Guid(dce62d4bfd72ca64599cba861af0d4eb) Importer(815301076,1909f56bfc062723c751e8b465ee728b)  -> (artifact id: 'b5b48e1874fea7cacd8526278cd7410e') in 0.021878 seconds 
  Import took 0.024742 seconds .

========================================================================
Received Import Request.
  Time since last request: 1.026194 seconds.
  path: Assets/Primitives Pack/Sphere.fbx
  artifactKey: Guid(4770da5cb0ed015409222d037bb7edaa) Importer(815301076,1909f56bfc062723c751e8b465ee728b)
Start importing Assets/Primitives Pack/Sphere.fbx using Guid(4770da5cb0ed015409222d037bb7edaa) Importer(815301076,1909f56bfc062723c751e8b465ee728b)  -> (artifact id: '8431fc7126ff545421e4079fe4036fc3') in 0.049908 seconds 
  Import took 0.053761 seconds .

========================================================================
Received Import Request.
  Time since last request: 2.061141 seconds.
  path: Assets/Primitives Pack/Floor Plate.fbx
  artifactKey: Guid(b37ae7c1ec26c074a9a1f1533652f568) Importer(815301076,1909f56bfc062723c751e8b465ee728b)
Start importing Assets/Primitives Pack/Floor Plate.fbx using Guid(b37ae7c1ec26c074a9a1f1533652f568) Importer(815301076,1909f56bfc062723c751e8b465ee728b)  -> (artifact id: '888bd990ef2adddb742b5f134d0e62fc') in 0.019992 seconds 
  Import took 0.024078 seconds .

========================================================================
Received Import Request.
  Time since last request: 1.116345 seconds.
  path: Assets/Primitives Pack/Cube.fbx
  artifactKey: Guid(8f920c58225aa214095ffefed1517ec7) Importer(815301076,1909f56bfc062723c751e8b465ee728b)
Start importing Assets/Primitives Pack/Cube.fbx using Guid(8f920c58225aa214095ffefed1517ec7) Importer(815301076,1909f56bfc062723c751e8b465ee728b)  -> (artifact id: '69fc1f49848984d4ba6c64d353160c7c') in 0.065388 seconds 
  Import took 0.077938 seconds .

========================================================================
Received Import Request.
  Time since last request: 1.826079 seconds.
  path: Assets/Primitives Pack/Cone.fbx
  artifactKey: Guid(8d6152f26582bb74a8c8eb948c3a5890) Importer(815301076,1909f56bfc062723c751e8b465ee728b)
Start importing Assets/Primitives Pack/Cone.fbx using Guid(8d6152f26582bb74a8c8eb948c3a5890) Importer(815301076,1909f56bfc062723c751e8b465ee728b)  -> (artifact id: '174210a983749753c7339cb27aa85e0f') in 0.027357 seconds 
  Import took 0.031996 seconds .

========================================================================
Received Prepare
Registering precompiled user dll's ...
Registered in 0.011435 seconds.
Begin MonoManager ReloadAssembly
Native extension for WindowsStandalone target not found
Native extension for WebGL target not found
Refreshing native plugins compatible for Editor in 0.64 ms, found 3 plugins.
Preloading 0 native plugins for Editor in 0.00 ms.
Mono: successfully reloaded assembly
- Completed reload, in  1.598 seconds
Domain Reload Profiling:
	ReloadAssembly (1599ms)
		BeginReloadAssembly (172ms)
			ExecutionOrderSort (0ms)
			DisableScriptedObjects (5ms)
			BackupInstance (0ms)
			ReleaseScriptingObjects (0ms)
			CreateAndSetChildDomain (60ms)
		EndReloadAssembly (1329ms)
			LoadAssemblies (147ms)
			RebuildTransferFunctionScriptingTraits (0ms)
			SetupTypeCache (526ms)
			ReleaseScriptCaches (1ms)
			RebuildScriptCaches (54ms)
			SetupLoadedEditorAssemblies (440ms)
				LogAssemblyErrors (0ms)
				InitializePlatformSupportModulesInManaged (8ms)
				SetLoadedEditorAssemblies (1ms)
				RefreshPlugins (1ms)
				BeforeProcessingInitializeOnLoad (106ms)
				ProcessInitializeOnLoadAttributes (306ms)
				ProcessInitializeOnLoadMethodAttributes (12ms)
				AfterProcessingInitializeOnLoad (7ms)
				EditorAssembliesLoaded (0ms)
			ExecutionOrderSort2 (0ms)
			AwakeInstancesAfterBackupRestoration (11ms)
Platform modules already initialized, skipping
Refreshing native plugins compatible for Editor in 0.51 ms, found 3 plugins.
Preloading 0 native plugins for Editor in 0.00 ms.
Unloading 1498 Unused Serialized files (Serialized files now loaded: 0)
System memory in use before: 72.7 MB.
System memory in use after: 72.8 MB.

Unloading 30 unused Assets to reduce memory usage. Loaded Objects now: 2050.
Total: 5.185400 ms (FindLiveObjects: 0.476900 ms CreateObjectMapping: 0.142500 ms MarkObjects: 4.520100 ms  DeleteObjects: 0.043600 ms)

AssetImportParameters requested are different than current active one (requested -> active):
  custom:framework-win-MediaFoundation: 216162199b28c13a410421893ffa2e32 -> 
  custom:video-decoder-ogg-theora: a1e56fd34408186e4bbccfd4996cb3dc -> 
  custom:container-muxer-webm: aa71ff27fc2769a1b78a27578f13a17b -> 
  custom:container-demuxer-webm: 4f35f7cbe854078d1ac9338744f61a02 -> 
  custom:container-demuxer-ogg: 62fdf1f143b41e24485cea50d1cbac27 -> 
  custom:video-encoder-webm-vp8: eb34c28f22e8b96e1ab97ce403110664 -> 
  custom:video-decoder-webm-vp8: 9c59270c3fd7afecdb556c50c9e8de78 -> 
  custom:audio-decoder-ogg-vorbis: bf7c407c2cedff20999df2af8eb42d56 -> 
  custom:audio-encoder-webm-vorbis: bf7c407c2cedff20999df2af8eb42d56 -> 
========================================================================
Received Prepare
Registering precompiled user dll's ...
Registered in 0.014654 seconds.
Begin MonoManager ReloadAssembly
Native extension for WindowsStandalone target not found
Native extension for WebGL target not found
Refreshing native plugins compatible for Editor in 0.60 ms, found 3 plugins.
Preloading 0 native plugins for Editor in 0.00 ms.
Mono: successfully reloaded assembly
- Completed reload, in  1.540 seconds
Domain Reload Profiling:
	ReloadAssembly (1540ms)
		BeginReloadAssembly (157ms)
			ExecutionOrderSort (0ms)
			DisableScriptedObjects (6ms)
			BackupInstance (0ms)
			ReleaseScriptingObjects (0ms)
			CreateAndSetChildDomain (59ms)
		EndReloadAssembly (1289ms)
			LoadAssemblies (149ms)
			RebuildTransferFunctionScriptingTraits (0ms)
			SetupTypeCache (516ms)
			ReleaseScriptCaches (1ms)
			RebuildScriptCaches (68ms)
			SetupLoadedEditorAssemblies (411ms)
				LogAssemblyErrors (0ms)
				InitializePlatformSupportModulesInManaged (7ms)
				SetLoadedEditorAssemblies (1ms)
				RefreshPlugins (1ms)
				BeforeProcessingInitializeOnLoad (105ms)
				ProcessInitializeOnLoadAttributes (279ms)
				ProcessInitializeOnLoadMethodAttributes (10ms)
				AfterProcessingInitializeOnLoad (7ms)
				EditorAssembliesLoaded (0ms)
			ExecutionOrderSort2 (0ms)
			AwakeInstancesAfterBackupRestoration (11ms)
Platform modules already initialized, skipping
Refreshing native plugins compatible for Editor in 0.74 ms, found 3 plugins.
Preloading 0 native plugins for Editor in 0.00 ms.
Unloading 1498 Unused Serialized files (Serialized files now loaded: 0)
System memory in use before: 72.7 MB.
System memory in use after: 72.8 MB.

Unloading 30 unused Assets to reduce memory usage. Loaded Objects now: 2052.
Total: 4.689800 ms (FindLiveObjects: 0.178700 ms CreateObjectMapping: 0.059100 ms MarkObjects: 4.375200 ms  DeleteObjects: 0.075600 ms)

AssetImportParameters requested are different than current active one (requested -> active):
  custom:framework-win-MediaFoundation: 216162199b28c13a410421893ffa2e32 -> 
  custom:video-decoder-ogg-theora: a1e56fd34408186e4bbccfd4996cb3dc -> 
  custom:container-muxer-webm: aa71ff27fc2769a1b78a27578f13a17b -> 
  custom:container-demuxer-webm: 4f35f7cbe854078d1ac9338744f61a02 -> 
  custom:container-demuxer-ogg: 62fdf1f143b41e24485cea50d1cbac27 -> 
  custom:video-encoder-webm-vp8: eb34c28f22e8b96e1ab97ce403110664 -> 
  custom:video-decoder-webm-vp8: 9c59270c3fd7afecdb556c50c9e8de78 -> 
  custom:audio-decoder-ogg-vorbis: bf7c407c2cedff20999df2af8eb42d56 -> 
  custom:audio-encoder-webm-vorbis: bf7c407c2cedff20999df2af8eb42d56 -> 
========================================================================
Received Prepare
Registering precompiled user dll's ...
Registered in 0.012764 seconds.
Begin MonoManager ReloadAssembly
Native extension for WindowsStandalone target not found
Native extension for WebGL target not found
Refreshing native plugins compatible for Editor in 0.50 ms, found 3 plugins.
Preloading 0 native plugins for Editor in 0.00 ms.
Mono: successfully reloaded assembly
- Completed reload, in  1.593 seconds
Domain Reload Profiling:
	ReloadAssembly (1593ms)
		BeginReloadAssembly (159ms)
			ExecutionOrderSort (0ms)
			DisableScriptedObjects (8ms)
			BackupInstance (0ms)
			ReleaseScriptingObjects (0ms)
			CreateAndSetChildDomain (53ms)
		EndReloadAssembly (1344ms)
			LoadAssemblies (144ms)
			RebuildTransferFunctionScriptingTraits (0ms)
			SetupTypeCache (538ms)
			ReleaseScriptCaches (1ms)
			RebuildScriptCaches (52ms)
			SetupLoadedEditorAssemblies (450ms)
				LogAssemblyErrors (0ms)
				InitializePlatformSupportModulesInManaged (11ms)
				SetLoadedEditorAssemblies (1ms)
				RefreshPlugins (1ms)
				BeforeProcessingInitializeOnLoad (111ms)
				ProcessInitializeOnLoadAttributes (308ms)
				ProcessInitializeOnLoadMethodAttributes (11ms)
				AfterProcessingInitializeOnLoad (9ms)
				EditorAssembliesLoaded (0ms)
			ExecutionOrderSort2 (0ms)
			AwakeInstancesAfterBackupRestoration (9ms)
Platform modules already initialized, skipping
Refreshing native plugins compatible for Editor in 0.66 ms, found 3 plugins.
Preloading 0 native plugins for Editor in 0.00 ms.
Unloading 1498 Unused Serialized files (Serialized files now loaded: 0)
System memory in use before: 72.7 MB.
System memory in use after: 72.8 MB.

Unloading 30 unused Assets to reduce memory usage. Loaded Objects now: 2054.
Total: 5.035300 ms (FindLiveObjects: 0.228000 ms CreateObjectMapping: 0.135400 ms MarkObjects: 4.638800 ms  DeleteObjects: 0.031300 ms)

AssetImportParameters requested are different than current active one (requested -> active):
  custom:framework-win-MediaFoundation: 216162199b28c13a410421893ffa2e32 -> 
  custom:video-decoder-ogg-theora: a1e56fd34408186e4bbccfd4996cb3dc -> 
  custom:container-muxer-webm: aa71ff27fc2769a1b78a27578f13a17b -> 
  custom:container-demuxer-webm: 4f35f7cbe854078d1ac9338744f61a02 -> 
  custom:container-demuxer-ogg: 62fdf1f143b41e24485cea50d1cbac27 -> 
  custom:video-encoder-webm-vp8: eb34c28f22e8b96e1ab97ce403110664 -> 
  custom:video-decoder-webm-vp8: 9c59270c3fd7afecdb556c50c9e8de78 -> 
  custom:audio-decoder-ogg-vorbis: bf7c407c2cedff20999df2af8eb42d56 -> 
  custom:audio-encoder-webm-vorbis: bf7c407c2cedff20999df2af8eb42d56 -> 
========================================================================
Received Prepare
Registering precompiled user dll's ...
Registered in 0.012440 seconds.
Begin MonoManager ReloadAssembly
Native extension for WindowsStandalone target not found
Native extension for WebGL target not found
Refreshing native plugins compatible for Editor in 0.51 ms, found 3 plugins.
Preloading 0 native plugins for Editor in 0.00 ms.
Mono: successfully reloaded assembly
- Completed reload, in  1.635 seconds
Domain Reload Profiling:
	ReloadAssembly (1636ms)
		BeginReloadAssembly (160ms)
			ExecutionOrderSort (0ms)
			DisableScriptedObjects (6ms)
			BackupInstance (0ms)
			ReleaseScriptingObjects (0ms)
			CreateAndSetChildDomain (52ms)
		EndReloadAssembly (1368ms)
			LoadAssemblies (150ms)
			RebuildTransferFunctionScriptingTraits (0ms)
			SetupTypeCache (536ms)
			ReleaseScriptCaches (1ms)
			RebuildScriptCaches (55ms)
			SetupLoadedEditorAssemblies (467ms)
				LogAssemblyErrors (0ms)
				InitializePlatformSupportModulesInManaged (9ms)
				SetLoadedEditorAssemblies (1ms)
				RefreshPlugins (1ms)
				BeforeProcessingInitializeOnLoad (103ms)
				ProcessInitializeOnLoadAttributes (334ms)
				ProcessInitializeOnLoadMethodAttributes (13ms)
				AfterProcessingInitializeOnLoad (7ms)
				EditorAssembliesLoaded (0ms)
			ExecutionOrderSort2 (0ms)
			AwakeInstancesAfterBackupRestoration (10ms)
Platform modules already initialized, skipping
Refreshing native plugins compatible for Editor in 0.84 ms, found 3 plugins.
Preloading 0 native plugins for Editor in 0.00 ms.
Unloading 1499 Unused Serialized files (Serialized files now loaded: 0)
System memory in use before: 72.8 MB.
System memory in use after: 72.9 MB.

Unloading 30 unused Assets to reduce memory usage. Loaded Objects now: 2057.
Total: 3.702100 ms (FindLiveObjects: 0.234700 ms CreateObjectMapping: 0.086900 ms MarkObjects: 3.341200 ms  DeleteObjects: 0.037800 ms)

AssetImportParameters requested are different than current active one (requested -> active):
  custom:framework-win-MediaFoundation: 216162199b28c13a410421893ffa2e32 -> 
  custom:video-decoder-ogg-theora: a1e56fd34408186e4bbccfd4996cb3dc -> 
  custom:container-muxer-webm: aa71ff27fc2769a1b78a27578f13a17b -> 
  custom:container-demuxer-webm: 4f35f7cbe854078d1ac9338744f61a02 -> 
  custom:container-demuxer-ogg: 62fdf1f143b41e24485cea50d1cbac27 -> 
  custom:video-encoder-webm-vp8: eb34c28f22e8b96e1ab97ce403110664 -> 
  custom:video-decoder-webm-vp8: 9c59270c3fd7afecdb556c50c9e8de78 -> 
  custom:audio-decoder-ogg-vorbis: bf7c407c2cedff20999df2af8eb42d56 -> 
  custom:audio-encoder-webm-vorbis: bf7c407c2cedff20999df2af8eb42d56 -> 
========================================================================
Received Import Request.
  Time since last request: 726.753405 seconds.
  path: Assets/ToonShader.shader
  artifactKey: Guid(7e6e12ef7fac00e498649b7f0813181c) Importer(815301076,1909f56bfc062723c751e8b465ee728b)
Start importing Assets/ToonShader.shader using Guid(7e6e12ef7fac00e498649b7f0813181c) Importer(815301076,1909f56bfc062723c751e8b465ee728b)  -> (artifact id: 'baa20b9398116a32ae0f2eea52cc338b') in 0.021962 seconds 
  Import took 0.039331 seconds .

========================================================================
Received Import Request.
  Time since last request: 129.556884 seconds.
  path: Assets/Free Low Poly Chess Set/Bishop/Mesh/bishop.fbx
  artifactKey: Guid(9872e0b509ff2d04299e3fe92e0deacc) Importer(815301076,1909f56bfc062723c751e8b465ee728b)
Start importing Assets/Free Low Poly Chess Set/Bishop/Mesh/bishop.fbx using Guid(9872e0b509ff2d04299e3fe92e0deacc) Importer(815301076,1909f56bfc062723c751e8b465ee728b)  -> (artifact id: '8c0d690c6ecc8cb25ee7b5414ff85ddd') in 0.092419 seconds 
  Import took 0.096758 seconds .

========================================================================
Received Import Request.
  Time since last request: 0.000307 seconds.
  path: Assets/Free Low Poly Chess Set/Queen/Mesh/queen.fbx
  artifactKey: Guid(8d213db23e89f6b4fa3d427f07a32b13) Importer(815301076,1909f56bfc062723c751e8b465ee728b)
Start importing Assets/Free Low Poly Chess Set/Queen/Mesh/queen.fbx using Guid(8d213db23e89f6b4fa3d427f07a32b13) Importer(815301076,1909f56bfc062723c751e8b465ee728b)  -> (artifact id: '5002120bc58aa36b92cbd9db47dac9bc') in 0.060558 seconds 
  Import took 0.075241 seconds .

========================================================================
Received Import Request.
  Time since last request: 0.000250 seconds.
  path: Assets/Free Low Poly Chess Set/King/Mesh/king.fbx
  artifactKey: Guid(0d4dc18442ed9d14698239a5a964f27f) Importer(815301076,1909f56bfc062723c751e8b465ee728b)
Start importing Assets/Free Low Poly Chess Set/King/Mesh/king.fbx using Guid(0d4dc18442ed9d14698239a5a964f27f) Importer(815301076,1909f56bfc062723c751e8b465ee728b)  -> (artifact id: '148248445a529cef814acfd5a12a6972') in 0.018828 seconds 
  Import took 0.022560 seconds .

========================================================================
Received Import Request.
  Time since last request: 0.000345 seconds.
  path: Assets/Free Low Poly Chess Set/Rook/Mesh/rook.fbx
  artifactKey: Guid(4c7fefe9f4d55e44398c01a6266ef093) Importer(815301076,1909f56bfc062723c751e8b465ee728b)
Start importing Assets/Free Low Poly Chess Set/Rook/Mesh/rook.fbx using Guid(4c7fefe9f4d55e44398c01a6266ef093) Importer(815301076,1909f56bfc062723c751e8b465ee728b)  -> (artifact id: '98d2597fcd616837601ad56f7f324d91') in 0.016377 seconds 
  Import took 0.020419 seconds .

========================================================================
Received Import Request.
  Time since last request: 0.000338 seconds.
  path: Assets/Free Low Poly Chess Set/Pawn/Mesh/pawn.fbx
  artifactKey: Guid(1ae3b6cad3254b848942cea678f244c7) Importer(815301076,1909f56bfc062723c751e8b465ee728b)
Start importing Assets/Free Low Poly Chess Set/Pawn/Mesh/pawn.fbx using Guid(1ae3b6cad3254b848942cea678f244c7) Importer(815301076,1909f56bfc062723c751e8b465ee728b)  -> (artifact id: 'b0a68f0ea1db7a13ef23beecfc94a639') in 0.037300 seconds 
  Import took 0.041989 seconds .

========================================================================
Received Import Request.
  Time since last request: 0.000380 seconds.
  path: Assets/Free Low Poly Chess Set/Knight/Mesh/knight.fbx
  artifactKey: Guid(3d375d4a1907b3f4098bb64446492fed) Importer(815301076,1909f56bfc062723c751e8b465ee728b)
Start importing Assets/Free Low Poly Chess Set/Knight/Mesh/knight.fbx using Guid(3d375d4a1907b3f4098bb64446492fed) Importer(815301076,1909f56bfc062723c751e8b465ee728b)  -> (artifact id: '230d1d9041843dbd726347c99dabdbd5') in 0.016540 seconds 
  Import took 0.020407 seconds .

========================================================================
Received Import Request.
  Time since last request: 0.000314 seconds.
  path: Assets/Free Low Poly Chess Set/Board/Mesh/board.fbx
  artifactKey: Guid(ba44901e27656394a83c87ba14ddbdd9) Importer(815301076,1909f56bfc062723c751e8b465ee728b)
Start importing Assets/Free Low Poly Chess Set/Board/Mesh/board.fbx using Guid(ba44901e27656394a83c87ba14ddbdd9) Importer(815301076,1909f56bfc062723c751e8b465ee728b)  -> (artifact id: '3fd3c0b59e890fbef82377347c2fa776') in 0.021559 seconds 
  Import took 0.037251 seconds .

========================================================================
Received Prepare
Registering precompiled user dll's ...
Registered in 0.011582 seconds.
Begin MonoManager ReloadAssembly
Native extension for WindowsStandalone target not found
Native extension for WebGL target not found
Refreshing native plugins compatible for Editor in 0.95 ms, found 3 plugins.
Preloading 0 native plugins for Editor in 0.00 ms.
Mono: successfully reloaded assembly
- Completed reload, in  1.404 seconds
Domain Reload Profiling:
	ReloadAssembly (1405ms)
		BeginReloadAssembly (147ms)
			ExecutionOrderSort (0ms)
			DisableScriptedObjects (5ms)
			BackupInstance (0ms)
			ReleaseScriptingObjects (0ms)
			CreateAndSetChildDomain (51ms)
		EndReloadAssembly (1177ms)
			LoadAssemblies (132ms)
			RebuildTransferFunctionScriptingTraits (0ms)
			SetupTypeCache (458ms)
			ReleaseScriptCaches (1ms)
			RebuildScriptCaches (49ms)
			SetupLoadedEditorAssemblies (400ms)
				LogAssemblyErrors (0ms)
				InitializePlatformSupportModulesInManaged (7ms)
				SetLoadedEditorAssemblies (1ms)
				RefreshPlugins (1ms)
				BeforeProcessingInitializeOnLoad (98ms)
				ProcessInitializeOnLoadAttributes (273ms)
				ProcessInitializeOnLoadMethodAttributes (13ms)
				AfterProcessingInitializeOnLoad (7ms)
				EditorAssembliesLoaded (0ms)
			ExecutionOrderSort2 (0ms)
			AwakeInstancesAfterBackupRestoration (8ms)
Platform modules already initialized, skipping
Refreshing native plugins compatible for Editor in 0.52 ms, found 3 plugins.
Preloading 0 native plugins for Editor in 0.00 ms.
Unloading 1500 Unused Serialized files (Serialized files now loaded: 0)
System memory in use before: 73.1 MB.
System memory in use after: 73.2 MB.

Unloading 31 unused Assets to reduce memory usage. Loaded Objects now: 2060.
Total: 4.224500 ms (FindLiveObjects: 0.177300 ms CreateObjectMapping: 0.051200 ms MarkObjects: 3.811200 ms  DeleteObjects: 0.183700 ms)

AssetImportParameters requested are different than current active one (requested -> active):
  custom:framework-win-MediaFoundation: 216162199b28c13a410421893ffa2e32 -> 
  custom:video-decoder-ogg-theora: a1e56fd34408186e4bbccfd4996cb3dc -> 
  custom:container-muxer-webm: aa71ff27fc2769a1b78a27578f13a17b -> 
  custom:container-demuxer-webm: 4f35f7cbe854078d1ac9338744f61a02 -> 
  custom:container-demuxer-ogg: 62fdf1f143b41e24485cea50d1cbac27 -> 
  custom:video-encoder-webm-vp8: eb34c28f22e8b96e1ab97ce403110664 -> 
  custom:video-decoder-webm-vp8: 9c59270c3fd7afecdb556c50c9e8de78 -> 
  custom:audio-decoder-ogg-vorbis: bf7c407c2cedff20999df2af8eb42d56 -> 
  custom:audio-encoder-webm-vorbis: bf7c407c2cedff20999df2af8eb42d56 -> 
========================================================================
Received Prepare
Registering precompiled user dll's ...
Registered in 0.014330 seconds.
Begin MonoManager ReloadAssembly
Native extension for WindowsStandalone target not found
Native extension for WebGL target not found
Refreshing native plugins compatible for Editor in 0.58 ms, found 3 plugins.
Preloading 0 native plugins for Editor in 0.00 ms.
Mono: successfully reloaded assembly
- Completed reload, in  1.432 seconds
Domain Reload Profiling:
	ReloadAssembly (1432ms)
		BeginReloadAssembly (140ms)
			ExecutionOrderSort (0ms)
			DisableScriptedObjects (5ms)
			BackupInstance (0ms)
			ReleaseScriptingObjects (0ms)
			CreateAndSetChildDomain (51ms)
		EndReloadAssembly (1208ms)
			LoadAssemblies (134ms)
			RebuildTransferFunctionScriptingTraits (0ms)
			SetupTypeCache (457ms)
			ReleaseScriptCaches (1ms)
			RebuildScriptCaches (50ms)
			SetupLoadedEditorAssemblies (415ms)
				LogAssemblyErrors (0ms)
				InitializePlatformSupportModulesInManaged (10ms)
				SetLoadedEditorAssemblies (1ms)
				RefreshPlugins (1ms)
				BeforeProcessingInitializeOnLoad (106ms)
				ProcessInitializeOnLoadAttributes (279ms)
				ProcessInitializeOnLoadMethodAttributes (12ms)
				AfterProcessingInitializeOnLoad (8ms)
				EditorAssembliesLoaded (0ms)
			ExecutionOrderSort2 (0ms)
			AwakeInstancesAfterBackupRestoration (9ms)
Platform modules already initialized, skipping
Refreshing native plugins compatible for Editor in 0.61 ms, found 3 plugins.
Preloading 0 native plugins for Editor in 0.00 ms.
Unloading 1500 Unused Serialized files (Serialized files now loaded: 0)
System memory in use before: 73.2 MB.
System memory in use after: 73.2 MB.

Unloading 31 unused Assets to reduce memory usage. Loaded Objects now: 2062.
Total: 5.295200 ms (FindLiveObjects: 0.471100 ms CreateObjectMapping: 0.133900 ms MarkObjects: 4.404500 ms  DeleteObjects: 0.283900 ms)

AssetImportParameters requested are different than current active one (requested -> active):
  custom:framework-win-MediaFoundation: 216162199b28c13a410421893ffa2e32 -> 
  custom:video-decoder-ogg-theora: a1e56fd34408186e4bbccfd4996cb3dc -> 
  custom:container-muxer-webm: aa71ff27fc2769a1b78a27578f13a17b -> 
  custom:container-demuxer-webm: 4f35f7cbe854078d1ac9338744f61a02 -> 
  custom:container-demuxer-ogg: 62fdf1f143b41e24485cea50d1cbac27 -> 
  custom:video-encoder-webm-vp8: eb34c28f22e8b96e1ab97ce403110664 -> 
  custom:video-decoder-webm-vp8: 9c59270c3fd7afecdb556c50c9e8de78 -> 
  custom:audio-decoder-ogg-vorbis: bf7c407c2cedff20999df2af8eb42d56 -> 
  custom:audio-encoder-webm-vorbis: bf7c407c2cedff20999df2af8eb42d56 -> 
========================================================================
Received Prepare
Registering precompiled user dll's ...
Registered in 0.013710 seconds.
Begin MonoManager ReloadAssembly
Native extension for WindowsStandalone target not found
Native extension for WebGL target not found
Refreshing native plugins compatible for Editor in 0.49 ms, found 3 plugins.
Preloading 0 native plugins for Editor in 0.00 ms.
Mono: successfully reloaded assembly
- Completed reload, in  1.423 seconds
Domain Reload Profiling:
	ReloadAssembly (1423ms)
		BeginReloadAssembly (145ms)
			ExecutionOrderSort (0ms)
			DisableScriptedObjects (7ms)
			BackupInstance (0ms)
			ReleaseScriptingObjects (0ms)
			CreateAndSetChildDomain (49ms)
		EndReloadAssembly (1182ms)
			LoadAssemblies (136ms)
			RebuildTransferFunctionScriptingTraits (0ms)
			SetupTypeCache (467ms)
			ReleaseScriptCaches (2ms)
			RebuildScriptCaches (51ms)
			SetupLoadedEditorAssemblies (395ms)
				LogAssemblyErrors (0ms)
				InitializePlatformSupportModulesInManaged (7ms)
				SetLoadedEditorAssemblies (1ms)
				RefreshPlugins (1ms)
				BeforeProcessingInitializeOnLoad (95ms)
				ProcessInitializeOnLoadAttributes (272ms)
				ProcessInitializeOnLoadMethodAttributes (11ms)
				AfterProcessingInitializeOnLoad (8ms)
				EditorAssembliesLoaded (0ms)
			ExecutionOrderSort2 (0ms)
			AwakeInstancesAfterBackupRestoration (9ms)
Platform modules already initialized, skipping
Refreshing native plugins compatible for Editor in 0.57 ms, found 3 plugins.
Preloading 0 native plugins for Editor in 0.00 ms.
Unloading 1500 Unused Serialized files (Serialized files now loaded: 0)
System memory in use before: 73.2 MB.
System memory in use after: 73.2 MB.

Unloading 31 unused Assets to reduce memory usage. Loaded Objects now: 2064.
Total: 4.540700 ms (FindLiveObjects: 0.185200 ms CreateObjectMapping: 0.063000 ms MarkObjects: 4.094800 ms  DeleteObjects: 0.196600 ms)

AssetImportParameters requested are different than current active one (requested -> active):
  custom:framework-win-MediaFoundation: 216162199b28c13a410421893ffa2e32 -> 
  custom:video-decoder-ogg-theora: a1e56fd34408186e4bbccfd4996cb3dc -> 
  custom:container-muxer-webm: aa71ff27fc2769a1b78a27578f13a17b -> 
  custom:container-demuxer-webm: 4f35f7cbe854078d1ac9338744f61a02 -> 
  custom:container-demuxer-ogg: 62fdf1f143b41e24485cea50d1cbac27 -> 
  custom:video-encoder-webm-vp8: eb34c28f22e8b96e1ab97ce403110664 -> 
  custom:video-decoder-webm-vp8: 9c59270c3fd7afecdb556c50c9e8de78 -> 
  custom:audio-decoder-ogg-vorbis: bf7c407c2cedff20999df2af8eb42d56 -> 
  custom:audio-encoder-webm-vorbis: bf7c407c2cedff20999df2af8eb42d56 -> 
========================================================================
Received Prepare
Registering precompiled user dll's ...
Registered in 0.013068 seconds.
Begin MonoManager ReloadAssembly
Native extension for WindowsStandalone target not found
Native extension for WebGL target not found
Refreshing native plugins compatible for Editor in 0.57 ms, found 3 plugins.
Preloading 0 native plugins for Editor in 0.00 ms.
Mono: successfully reloaded assembly
- Completed reload, in  1.626 seconds
Domain Reload Profiling:
	ReloadAssembly (1627ms)
		BeginReloadAssembly (168ms)
			ExecutionOrderSort (0ms)
			DisableScriptedObjects (8ms)
			BackupInstance (0ms)
			ReleaseScriptingObjects (0ms)
			CreateAndSetChildDomain (57ms)
		EndReloadAssembly (1362ms)
			LoadAssemblies (145ms)
			RebuildTransferFunctionScriptingTraits (0ms)
			SetupTypeCache (507ms)
			ReleaseScriptCaches (1ms)
			RebuildScriptCaches (82ms)
			SetupLoadedEditorAssemblies (438ms)
				LogAssemblyErrors (0ms)
				InitializePlatformSupportModulesInManaged (12ms)
				SetLoadedEditorAssemblies (1ms)
				RefreshPlugins (1ms)
				BeforeProcessingInitializeOnLoad (108ms)
				ProcessInitializeOnLoadAttributes (297ms)
				ProcessInitializeOnLoadMethodAttributes (12ms)
				AfterProcessingInitializeOnLoad (7ms)
				EditorAssembliesLoaded (1ms)
			ExecutionOrderSort2 (0ms)
			AwakeInstancesAfterBackupRestoration (13ms)
Platform modules already initialized, skipping
Refreshing native plugins compatible for Editor in 1.32 ms, found 3 plugins.
Preloading 0 native plugins for Editor in 0.00 ms.
Unloading 1500 Unused Serialized files (Serialized files now loaded: 0)
System memory in use before: 73.2 MB.
System memory in use after: 73.2 MB.

Unloading 31 unused Assets to reduce memory usage. Loaded Objects now: 2066.
Total: 4.794300 ms (FindLiveObjects: 0.222300 ms CreateObjectMapping: 0.055900 ms MarkObjects: 4.251100 ms  DeleteObjects: 0.263500 ms)

AssetImportParameters requested are different than current active one (requested -> active):
  custom:framework-win-MediaFoundation: 216162199b28c13a410421893ffa2e32 -> 
  custom:video-decoder-ogg-theora: a1e56fd34408186e4bbccfd4996cb3dc -> 
  custom:container-muxer-webm: aa71ff27fc2769a1b78a27578f13a17b -> 
  custom:container-demuxer-webm: 4f35f7cbe854078d1ac9338744f61a02 -> 
  custom:container-demuxer-ogg: 62fdf1f143b41e24485cea50d1cbac27 -> 
  custom:video-encoder-webm-vp8: eb34c28f22e8b96e1ab97ce403110664 -> 
  custom:video-decoder-webm-vp8: 9c59270c3fd7afecdb556c50c9e8de78 -> 
  custom:audio-decoder-ogg-vorbis: bf7c407c2cedff20999df2af8eb42d56 -> 
  custom:audio-encoder-webm-vorbis: bf7c407c2cedff20999df2af8eb42d56 -> 
========================================================================
Received Import Request.
  Time since last request: 1167.379794 seconds.
  path: Assets/Prefabs/Pawn.prefab
  artifactKey: Guid(a2943fdb0981a1d44a8c646d374eaa66) Importer(815301076,1909f56bfc062723c751e8b465ee728b)
Start importing Assets/Prefabs/Pawn.prefab using Guid(a2943fdb0981a1d44a8c646d374eaa66) Importer(815301076,1909f56bfc062723c751e8b465ee728b)  -> (artifact id: '8bac4b35ea4964cff48c5b3463709617') in 0.089172 seconds 
  Import took 0.093184 seconds .

========================================================================
Received Import Request.
  Time since last request: 1.255707 seconds.
  path: Assets/Prefabs/Car.prefab
  artifactKey: Guid(206f9b95ad0554d49b7bd37cb4a6680b) Importer(815301076,1909f56bfc062723c751e8b465ee728b)
Start importing Assets/Prefabs/Car.prefab using Guid(206f9b95ad0554d49b7bd37cb4a6680b) Importer(815301076,1909f56bfc062723c751e8b465ee728b)  -> (artifact id: '6510a099dcd4d83f7a5c3bcfc97904cd') in 0.044168 seconds 
  Import took 0.097133 seconds .

========================================================================
Received Import Request.
  Time since last request: 81.056519 seconds.
  path: Assets/Prefabs/PlayerPawn.prefab
  artifactKey: Guid(a2943fdb0981a1d44a8c646d374eaa66) Importer(815301076,1909f56bfc062723c751e8b465ee728b)
Start importing Assets/Prefabs/PlayerPawn.prefab using Guid(a2943fdb0981a1d44a8c646d374eaa66) Importer(815301076,1909f56bfc062723c751e8b465ee728b)  -> (artifact id: 'bad9f4ecbd473b20a243b06dca44344f') in 0.012657 seconds 
  Import took 0.016986 seconds .

========================================================================
Received Import Request.
  Time since last request: 12.905464 seconds.
  path: Assets/Free Low Poly Chess Set
  artifactKey: Guid(e07907a4d1ad96f47b02a69ee38e1fca) Importer(815301076,1909f56bfc062723c751e8b465ee728b)
Start importing Assets/Free Low Poly Chess Set using Guid(e07907a4d1ad96f47b02a69ee38e1fca) Importer(815301076,1909f56bfc062723c751e8b465ee728b)  -> (artifact id: '717267842ae54afde42a83b22ceb28ec') in 0.002216 seconds 
  Import took 0.049840 seconds .

========================================================================
Received Import Request.
  Time since last request: 97.505542 seconds.
  path: Assets/Prefabs/AIPawn_3.prefab
  artifactKey: Guid(64958465183089041a49530fc39fa070) Importer(815301076,1909f56bfc062723c751e8b465ee728b)
Start importing Assets/Prefabs/AIPawn_3.prefab using Guid(64958465183089041a49530fc39fa070) Importer(815301076,1909f56bfc062723c751e8b465ee728b)  -> (artifact id: '258aaf31ac98f7cea21e9d379cf99a9e') in 0.012477 seconds 
  Import took 0.034356 seconds .

========================================================================
Received Import Request.
  Time since last request: 9.711593 seconds.
  path: Assets/Prefabs/AIPawn.prefab
  artifactKey: Guid(64958465183089041a49530fc39fa070) Importer(815301076,1909f56bfc062723c751e8b465ee728b)
Start importing Assets/Prefabs/AIPawn.prefab using Guid(64958465183089041a49530fc39fa070) Importer(815301076,1909f56bfc062723c751e8b465ee728b)  -> (artifact id: 'c61bb420b05ae6a22310b6e83c6d695f') in 0.012091 seconds 
  Import took 0.027833 seconds .

========================================================================
Received Import Request.
  Time since last request: 978.650530 seconds.
  path: Assets/Prefabs/Cell_1.prefab
  artifactKey: Guid(9f6361112ddf5204d869fc15747ba2a0) Importer(815301076,1909f56bfc062723c751e8b465ee728b)
Start importing Assets/Prefabs/Cell_1.prefab using Guid(9f6361112ddf5204d869fc15747ba2a0) Importer(815301076,1909f56bfc062723c751e8b465ee728b)  -> (artifact id: 'd4d7b5bfd39909e13a54b3d05698ee6b') in 0.014292 seconds 
  Import took 0.034503 seconds .

========================================================================
Received Import Request.
  Time since last request: 1561.785617 seconds.
  path: Assets/Prefabs/Floor.prefab
  artifactKey: Guid(eeb322430cb056f4b839731be327a52d) Importer(815301076,1909f56bfc062723c751e8b465ee728b)
Start importing Assets/Prefabs/Floor.prefab using Guid(eeb322430cb056f4b839731be327a52d) Importer(815301076,1909f56bfc062723c751e8b465ee728b)  -> (artifact id: 'f30590b15aa42ca758189afa8c3a5b38') in 0.031866 seconds 
  Import took 0.035849 seconds .

========================================================================
Received Import Request.
  Time since last request: 574.417019 seconds.
  path: Assets/Prefabs/Floor (1) Variant.prefab
  artifactKey: Guid(c7b4216dcd781c844a0264cab06f94b6) Importer(815301076,1909f56bfc062723c751e8b465ee728b)
Start importing Assets/Prefabs/Floor (1) Variant.prefab using Guid(c7b4216dcd781c844a0264cab06f94b6) Importer(815301076,1909f56bfc062723c751e8b465ee728b)  -> (artifact id: '7c899a741139550dcff8839a53017597') in 0.016260 seconds 
  Import took 0.020584 seconds .

========================================================================
Received Import Request.
  Time since last request: 1.919170 seconds.
  path: Assets/Prefabs/Floor.prefab
  artifactKey: Guid(eeb322430cb056f4b839731be327a52d) Importer(815301076,1909f56bfc062723c751e8b465ee728b)
Start importing Assets/Prefabs/Floor.prefab using Guid(eeb322430cb056f4b839731be327a52d) Importer(815301076,1909f56bfc062723c751e8b465ee728b)  -> (artifact id: '435860bee68d8bde6fe0b1a4d0831fe1') in 0.012815 seconds 
  Import took 0.015725 seconds .

========================================================================
Received Import Request.
  Time since last request: 9.764463 seconds.
  path: Assets/Prefabs/Floor_Alternative.prefab
  artifactKey: Guid(c7b4216dcd781c844a0264cab06f94b6) Importer(815301076,1909f56bfc062723c751e8b465ee728b)
Start importing Assets/Prefabs/Floor_Alternative.prefab using Guid(c7b4216dcd781c844a0264cab06f94b6) Importer(815301076,1909f56bfc062723c751e8b465ee728b)  -> (artifact id: 'd0ca49f4a271ec886d0928627ec016a3') in 0.011143 seconds 
  Import took 0.021629 seconds .

========================================================================
Received Prepare
Registering precompiled user dll's ...
Registered in 0.014321 seconds.
Begin MonoManager ReloadAssembly
Native extension for WindowsStandalone target not found
Native extension for WebGL target not found
Refreshing native plugins compatible for Editor in 0.97 ms, found 3 plugins.
Preloading 0 native plugins for Editor in 0.00 ms.
Mono: successfully reloaded assembly
- Completed reload, in  1.670 seconds
Domain Reload Profiling:
	ReloadAssembly (1671ms)
		BeginReloadAssembly (308ms)
			ExecutionOrderSort (0ms)
			DisableScriptedObjects (14ms)
			BackupInstance (0ms)
			ReleaseScriptingObjects (0ms)
			CreateAndSetChildDomain (175ms)
		EndReloadAssembly (1264ms)
			LoadAssemblies (155ms)
			RebuildTransferFunctionScriptingTraits (0ms)
			SetupTypeCache (508ms)
			ReleaseScriptCaches (1ms)
			RebuildScriptCaches (59ms)
			SetupLoadedEditorAssemblies (397ms)
				LogAssemblyErrors (0ms)
				InitializePlatformSupportModulesInManaged (8ms)
				SetLoadedEditorAssemblies (1ms)
				RefreshPlugins (1ms)
				BeforeProcessingInitializeOnLoad (96ms)
				ProcessInitializeOnLoadAttributes (272ms)
				ProcessInitializeOnLoadMethodAttributes (11ms)
				AfterProcessingInitializeOnLoad (8ms)
				EditorAssembliesLoaded (0ms)
			ExecutionOrderSort2 (0ms)
			AwakeInstancesAfterBackupRestoration (11ms)
Platform modules already initialized, skipping
Refreshing native plugins compatible for Editor in 0.54 ms, found 3 plugins.
Preloading 0 native plugins for Editor in 0.00 ms.
Unloading 1500 Unused Serialized files (Serialized files now loaded: 0)
System memory in use before: 73.2 MB.
System memory in use after: 73.2 MB.

Unloading 31 unused Assets to reduce memory usage. Loaded Objects now: 2072.
Total: 4.808500 ms (FindLiveObjects: 0.170100 ms CreateObjectMapping: 0.056900 ms MarkObjects: 4.321900 ms  DeleteObjects: 0.258100 ms)

AssetImportParameters requested are different than current active one (requested -> active):
  custom:framework-win-MediaFoundation: 216162199b28c13a410421893ffa2e32 -> 
  custom:video-decoder-ogg-theora: a1e56fd34408186e4bbccfd4996cb3dc -> 
  custom:container-muxer-webm: aa71ff27fc2769a1b78a27578f13a17b -> 
  custom:container-demuxer-webm: 4f35f7cbe854078d1ac9338744f61a02 -> 
  custom:container-demuxer-ogg: 62fdf1f143b41e24485cea50d1cbac27 -> 
  custom:video-encoder-webm-vp8: eb34c28f22e8b96e1ab97ce403110664 -> 
  custom:video-decoder-webm-vp8: 9c59270c3fd7afecdb556c50c9e8de78 -> 
  custom:audio-decoder-ogg-vorbis: bf7c407c2cedff20999df2af8eb42d56 -> 
  custom:audio-encoder-webm-vorbis: bf7c407c2cedff20999df2af8eb42d56 -> 
========================================================================
Received Prepare
Registering precompiled user dll's ...
Registered in 0.013797 seconds.
Begin MonoManager ReloadAssembly
Native extension for WindowsStandalone target not found
Native extension for WebGL target not found
Refreshing native plugins compatible for Editor in 0.60 ms, found 3 plugins.
Preloading 0 native plugins for Editor in 0.00 ms.
Mono: successfully reloaded assembly
- Completed reload, in  1.397 seconds
Domain Reload Profiling:
	ReloadAssembly (1397ms)
		BeginReloadAssembly (146ms)
			ExecutionOrderSort (0ms)
			DisableScriptedObjects (5ms)
			BackupInstance (0ms)
			ReleaseScriptingObjects (0ms)
			CreateAndSetChildDomain (49ms)
		EndReloadAssembly (1173ms)
			LoadAssemblies (124ms)
			RebuildTransferFunctionScriptingTraits (0ms)
			SetupTypeCache (457ms)
			ReleaseScriptCaches (1ms)
			RebuildScriptCaches (55ms)
			SetupLoadedEditorAssemblies (388ms)
				LogAssemblyErrors (0ms)
				InitializePlatformSupportModulesInManaged (8ms)
				SetLoadedEditorAssemblies (1ms)
				RefreshPlugins (1ms)
				BeforeProcessingInitializeOnLoad (106ms)
				ProcessInitializeOnLoadAttributes (256ms)
				ProcessInitializeOnLoadMethodAttributes (10ms)
				AfterProcessingInitializeOnLoad (7ms)
				EditorAssembliesLoaded (0ms)
			ExecutionOrderSort2 (0ms)
			AwakeInstancesAfterBackupRestoration (10ms)
Platform modules already initialized, skipping
Refreshing native plugins compatible for Editor in 0.56 ms, found 3 plugins.
Preloading 0 native plugins for Editor in 0.00 ms.
Unloading 1500 Unused Serialized files (Serialized files now loaded: 0)
System memory in use before: 73.2 MB.
System memory in use after: 73.2 MB.

Unloading 31 unused Assets to reduce memory usage. Loaded Objects now: 2074.
Total: 7.208700 ms (FindLiveObjects: 0.160900 ms CreateObjectMapping: 0.056300 ms MarkObjects: 6.817100 ms  DeleteObjects: 0.172800 ms)

AssetImportParameters requested are different than current active one (requested -> active):
  custom:framework-win-MediaFoundation: 216162199b28c13a410421893ffa2e32 -> 
  custom:video-decoder-ogg-theora: a1e56fd34408186e4bbccfd4996cb3dc -> 
  custom:container-muxer-webm: aa71ff27fc2769a1b78a27578f13a17b -> 
  custom:container-demuxer-webm: 4f35f7cbe854078d1ac9338744f61a02 -> 
  custom:container-demuxer-ogg: 62fdf1f143b41e24485cea50d1cbac27 -> 
  custom:video-encoder-webm-vp8: eb34c28f22e8b96e1ab97ce403110664 -> 
  custom:video-decoder-webm-vp8: 9c59270c3fd7afecdb556c50c9e8de78 -> 
  custom:audio-decoder-ogg-vorbis: bf7c407c2cedff20999df2af8eb42d56 -> 
  custom:audio-encoder-webm-vorbis: bf7c407c2cedff20999df2af8eb42d56 -> 
========================================================================
Received Prepare
Registering precompiled user dll's ...
Registered in 0.013502 seconds.
Begin MonoManager ReloadAssembly
Native extension for WindowsStandalone target not found
Native extension for WebGL target not found
Refreshing native plugins compatible for Editor in 0.86 ms, found 3 plugins.
Preloading 0 native plugins for Editor in 0.00 ms.
Mono: successfully reloaded assembly
- Completed reload, in  1.349 seconds
Domain Reload Profiling:
	ReloadAssembly (1349ms)
		BeginReloadAssembly (136ms)
			ExecutionOrderSort (0ms)
			DisableScriptedObjects (7ms)
			BackupInstance (0ms)
			ReleaseScriptingObjects (0ms)
			CreateAndSetChildDomain (47ms)
		EndReloadAssembly (1138ms)
			LoadAssemblies (125ms)
			RebuildTransferFunctionScriptingTraits (0ms)
			SetupTypeCache (447ms)
			ReleaseScriptCaches (1ms)
			RebuildScriptCaches (51ms)
			SetupLoadedEditorAssemblies (377ms)
				LogAssemblyErrors (0ms)
				InitializePlatformSupportModulesInManaged (7ms)
				SetLoadedEditorAssemblies (1ms)
				RefreshPlugins (1ms)
				BeforeProcessingInitializeOnLoad (97ms)
				ProcessInitializeOnLoadAttributes (255ms)
				ProcessInitializeOnLoadMethodAttributes (9ms)
				AfterProcessingInitializeOnLoad (8ms)
				EditorAssembliesLoaded (0ms)
			ExecutionOrderSort2 (0ms)
			AwakeInstancesAfterBackupRestoration (7ms)
Platform modules already initialized, skipping
Refreshing native plugins compatible for Editor in 0.54 ms, found 3 plugins.
Preloading 0 native plugins for Editor in 0.00 ms.
Unloading 1500 Unused Serialized files (Serialized files now loaded: 0)
System memory in use before: 73.2 MB.
System memory in use after: 73.2 MB.

Unloading 31 unused Assets to reduce memory usage. Loaded Objects now: 2076.
Total: 4.394300 ms (FindLiveObjects: 0.209900 ms CreateObjectMapping: 0.065400 ms MarkObjects: 3.953100 ms  DeleteObjects: 0.164400 ms)

AssetImportParameters requested are different than current active one (requested -> active):
  custom:framework-win-MediaFoundation: 216162199b28c13a410421893ffa2e32 -> 
  custom:video-decoder-ogg-theora: a1e56fd34408186e4bbccfd4996cb3dc -> 
  custom:container-muxer-webm: aa71ff27fc2769a1b78a27578f13a17b -> 
  custom:container-demuxer-webm: 4f35f7cbe854078d1ac9338744f61a02 -> 
  custom:container-demuxer-ogg: 62fdf1f143b41e24485cea50d1cbac27 -> 
  custom:video-encoder-webm-vp8: eb34c28f22e8b96e1ab97ce403110664 -> 
  custom:video-decoder-webm-vp8: 9c59270c3fd7afecdb556c50c9e8de78 -> 
  custom:audio-decoder-ogg-vorbis: bf7c407c2cedff20999df2af8eb42d56 -> 
  custom:audio-encoder-webm-vorbis: bf7c407c2cedff20999df2af8eb42d56 -> 
========================================================================
Received Prepare
Registering precompiled user dll's ...
Registered in 0.013449 seconds.
Begin MonoManager ReloadAssembly
Native extension for WindowsStandalone target not found
Native extension for WebGL target not found
Refreshing native plugins compatible for Editor in 0.63 ms, found 3 plugins.
Preloading 0 native plugins for Editor in 0.00 ms.
Mono: successfully reloaded assembly
- Completed reload, in  1.367 seconds
Domain Reload Profiling:
	ReloadAssembly (1367ms)
		BeginReloadAssembly (137ms)
			ExecutionOrderSort (0ms)
			DisableScriptedObjects (6ms)
			BackupInstance (0ms)
			ReleaseScriptingObjects (0ms)
			CreateAndSetChildDomain (46ms)
		EndReloadAssembly (1154ms)
			LoadAssemblies (124ms)
			RebuildTransferFunctionScriptingTraits (0ms)
			SetupTypeCache (458ms)
			ReleaseScriptCaches (1ms)
			RebuildScriptCaches (49ms)
			SetupLoadedEditorAssemblies (385ms)
				LogAssemblyErrors (0ms)
				InitializePlatformSupportModulesInManaged (8ms)
				SetLoadedEditorAssemblies (1ms)
				RefreshPlugins (1ms)
				BeforeProcessingInitializeOnLoad (93ms)
				ProcessInitializeOnLoadAttributes (267ms)
				ProcessInitializeOnLoadMethodAttributes (9ms)
				AfterProcessingInitializeOnLoad (7ms)
				EditorAssembliesLoaded (0ms)
			ExecutionOrderSort2 (0ms)
			AwakeInstancesAfterBackupRestoration (8ms)
Platform modules already initialized, skipping
Refreshing native plugins compatible for Editor in 0.53 ms, found 3 plugins.
Preloading 0 native plugins for Editor in 0.00 ms.
Unloading 1500 Unused Serialized files (Serialized files now loaded: 0)
System memory in use before: 73.2 MB.
System memory in use after: 73.3 MB.

Unloading 31 unused Assets to reduce memory usage. Loaded Objects now: 2078.
Total: 4.043300 ms (FindLiveObjects: 0.181700 ms CreateObjectMapping: 0.049200 ms MarkObjects: 3.609400 ms  DeleteObjects: 0.202000 ms)

AssetImportParameters requested are different than current active one (requested -> active):
  custom:framework-win-MediaFoundation: 216162199b28c13a410421893ffa2e32 -> 
  custom:video-decoder-ogg-theora: a1e56fd34408186e4bbccfd4996cb3dc -> 
  custom:container-muxer-webm: aa71ff27fc2769a1b78a27578f13a17b -> 
  custom:container-demuxer-webm: 4f35f7cbe854078d1ac9338744f61a02 -> 
  custom:container-demuxer-ogg: 62fdf1f143b41e24485cea50d1cbac27 -> 
  custom:video-encoder-webm-vp8: eb34c28f22e8b96e1ab97ce403110664 -> 
  custom:video-decoder-webm-vp8: 9c59270c3fd7afecdb556c50c9e8de78 -> 
  custom:audio-decoder-ogg-vorbis: bf7c407c2cedff20999df2af8eb42d56 -> 
  custom:audio-encoder-webm-vorbis: bf7c407c2cedff20999df2af8eb42d56 -> 
========================================================================
Received Import Request.
  Time since last request: 1308.156825 seconds.
  path: Assets/Free Low Poly Chess Set/Queen
  artifactKey: Guid(de6e9066ccbb3ee4a864526e4a8ca929) Importer(815301076,1909f56bfc062723c751e8b465ee728b)
Start importing Assets/Free Low Poly Chess Set/Queen using Guid(de6e9066ccbb3ee4a864526e4a8ca929) Importer(815301076,1909f56bfc062723c751e8b465ee728b)  -> (artifact id: 'fed7f064343facc29bf46871f46634f2') in 0.005736 seconds 
  Import took 0.009768 seconds .

========================================================================
Received Import Request.
  Time since last request: 715.431533 seconds.
  path: Assets/Free Low Poly Chess Set/Pawn
  artifactKey: Guid(52ef882dea1ef38458ac2379a621de2a) Importer(815301076,1909f56bfc062723c751e8b465ee728b)
Start importing Assets/Free Low Poly Chess Set/Pawn using Guid(52ef882dea1ef38458ac2379a621de2a) Importer(815301076,1909f56bfc062723c751e8b465ee728b)  -> (artifact id: '83f1828c6ba18a069d915016202bec09') in 0.002201 seconds 
  Import took 0.009192 seconds .

========================================================================
Received Import Request.
  Time since last request: 423.445899 seconds.
  path: Assets/Free Low Poly Chess Set/King
  artifactKey: Guid(a95deec50e5749a44bb9dade4b143005) Importer(815301076,1909f56bfc062723c751e8b465ee728b)
Start importing Assets/Free Low Poly Chess Set/King using Guid(a95deec50e5749a44bb9dade4b143005) Importer(815301076,1909f56bfc062723c751e8b465ee728b)  -> (artifact id: '35ce3ce281438e575ff28e509d9e2b18') in 0.002520 seconds 
  Import took 0.006081 seconds .

========================================================================
Received Prepare
Registering precompiled user dll's ...
Registered in 0.013135 seconds.
Begin MonoManager ReloadAssembly
Native extension for WindowsStandalone target not found
Native extension for WebGL target not found
Refreshing native plugins compatible for Editor in 0.73 ms, found 3 plugins.
Preloading 0 native plugins for Editor in 0.00 ms.
Mono: successfully reloaded assembly
- Completed reload, in  1.348 seconds
Domain Reload Profiling:
	ReloadAssembly (1349ms)
		BeginReloadAssembly (141ms)
			ExecutionOrderSort (0ms)
			DisableScriptedObjects (5ms)
			BackupInstance (0ms)
			ReleaseScriptingObjects (0ms)
			CreateAndSetChildDomain (45ms)
		EndReloadAssembly (1134ms)
			LoadAssemblies (122ms)
			RebuildTransferFunctionScriptingTraits (0ms)
			SetupTypeCache (426ms)
			ReleaseScriptCaches (1ms)
			RebuildScriptCaches (54ms)
			SetupLoadedEditorAssemblies (373ms)
				LogAssemblyErrors (0ms)
				InitializePlatformSupportModulesInManaged (7ms)
				SetLoadedEditorAssemblies (0ms)
				RefreshPlugins (1ms)
				BeforeProcessingInitializeOnLoad (87ms)
				ProcessInitializeOnLoadAttributes (259ms)
				ProcessInitializeOnLoadMethodAttributes (12ms)
				AfterProcessingInitializeOnLoad (7ms)
				EditorAssembliesLoaded (0ms)
			ExecutionOrderSort2 (0ms)
			AwakeInstancesAfterBackupRestoration (8ms)
Platform modules already initialized, skipping
Refreshing native plugins compatible for Editor in 0.52 ms, found 3 plugins.
Preloading 0 native plugins for Editor in 0.00 ms.
Unloading 1500 Unused Serialized files (Serialized files now loaded: 0)
System memory in use before: 73.2 MB.
System memory in use after: 73.3 MB.

Unloading 31 unused Assets to reduce memory usage. Loaded Objects now: 2080.
Total: 4.342400 ms (FindLiveObjects: 0.189500 ms CreateObjectMapping: 0.058400 ms MarkObjects: 3.821800 ms  DeleteObjects: 0.253300 ms)

AssetImportParameters requested are different than current active one (requested -> active):
  custom:framework-win-MediaFoundation: 216162199b28c13a410421893ffa2e32 -> 
  custom:video-decoder-ogg-theora: a1e56fd34408186e4bbccfd4996cb3dc -> 
  custom:container-muxer-webm: aa71ff27fc2769a1b78a27578f13a17b -> 
  custom:container-demuxer-webm: 4f35f7cbe854078d1ac9338744f61a02 -> 
  custom:container-demuxer-ogg: 62fdf1f143b41e24485cea50d1cbac27 -> 
  custom:video-encoder-webm-vp8: eb34c28f22e8b96e1ab97ce403110664 -> 
  custom:video-decoder-webm-vp8: 9c59270c3fd7afecdb556c50c9e8de78 -> 
  custom:audio-decoder-ogg-vorbis: bf7c407c2cedff20999df2af8eb42d56 -> 
  custom:audio-encoder-webm-vorbis: bf7c407c2cedff20999df2af8eb42d56 -> 
